INFO - 2023-06-28 00:00:10 --> Session: Class initialized using 'CodeIgniter\Session\Handlers\FileHandler' driver.
CRITICAL - 2023-06-28 00:00:10 --> Undefined index: operator
in APPPATH\Views\rekenapplicatie.php on line 34.
 1 APPPATH\Views\rekenapplicatie.php(34): CodeIgniter\Debug\Exceptions->errorHandler(8, 'Undefined index: operator', 'C:\\xampp\\htdocs\\rekenapp\\app\\Views\\rekenapplicatie.php', 34, [...])
 2 SYSTEMPATH\View\View.php(224): include('C:\\xampp\\htdocs\\rekenapp\\app\\Views\\rekenapplicatie.php')
 3 SYSTEMPATH\View\View.php(227): CodeIgniter\View\View->CodeIgniter\View\{closure}()
 4 SYSTEMPATH\Common.php(1180): CodeIgniter\View\View->render('Rekenapplicatie', [], true)
 5 APPPATH\Controllers\RekenController.php(87): view('Rekenapplicatie', [...])
 6 SYSTEMPATH\CodeIgniter.php(932): App\Controllers\RekenController->beantwoordSommen('0')
 7 SYSTEMPATH\CodeIgniter.php(497): CodeIgniter\CodeIgniter->runController(Object(App\Controllers\RekenController))
 8 SYSTEMPATH\CodeIgniter.php(366): CodeIgniter\CodeIgniter->handleRequest(null, Object(Config\Cache), false)
 9 FCPATH\index.php(67): CodeIgniter\CodeIgniter->run()
10 SYSTEMPATH\Commands\Server\rewrite.php(47): require_once('C:\\xampp\\htdocs\\rekenapp\\public\\index.php')
INFO - 2023-06-28 00:01:15 --> Session: Class initialized using 'CodeIgniter\Session\Handlers\FileHandler' driver.
CRITICAL - 2023-06-28 00:01:15 --> Undefined index: operator
in APPPATH\Views\rekenapplicatie.php on line 34.
 1 APPPATH\Views\rekenapplicatie.php(34): CodeIgniter\Debug\Exceptions->errorHandler(8, 'Undefined index: operator', 'C:\\xampp\\htdocs\\rekenapp\\app\\Views\\rekenapplicatie.php', 34, [...])
 2 SYSTEMPATH\View\View.php(224): include('C:\\xampp\\htdocs\\rekenapp\\app\\Views\\rekenapplicatie.php')
 3 SYSTEMPATH\View\View.php(227): CodeIgniter\View\View->CodeIgniter\View\{closure}()
 4 SYSTEMPATH\Common.php(1180): CodeIgniter\View\View->render('Rekenapplicatie', [], true)
 5 APPPATH\Controllers\RekenController.php(87): view('Rekenapplicatie', [...])
 6 SYSTEMPATH\CodeIgniter.php(932): App\Controllers\RekenController->beantwoordSommen('0')
 7 SYSTEMPATH\CodeIgniter.php(497): CodeIgniter\CodeIgniter->runController(Object(App\Controllers\RekenController))
 8 SYSTEMPATH\CodeIgniter.php(366): CodeIgniter\CodeIgniter->handleRequest(null, Object(Config\Cache), false)
 9 FCPATH\index.php(67): CodeIgniter\CodeIgniter->run()
10 SYSTEMPATH\Commands\Server\rewrite.php(47): require_once('C:\\xampp\\htdocs\\rekenapp\\public\\index.php')
INFO - 2023-06-28 00:01:15 --> Session: Class initialized using 'CodeIgniter\Session\Handlers\FileHandler' driver.
CRITICAL - 2023-06-28 00:01:15 --> Undefined index: operator
in APPPATH\Views\rekenapplicatie.php on line 34.
 1 APPPATH\Views\rekenapplicatie.php(34): CodeIgniter\Debug\Exceptions->errorHandler(8, 'Undefined index: operator', 'C:\\xampp\\htdocs\\rekenapp\\app\\Views\\rekenapplicatie.php', 34, [...])
 2 SYSTEMPATH\View\View.php(224): include('C:\\xampp\\htdocs\\rekenapp\\app\\Views\\rekenapplicatie.php')
 3 SYSTEMPATH\View\View.php(227): CodeIgniter\View\View->CodeIgniter\View\{closure}()
 4 SYSTEMPATH\Common.php(1180): CodeIgniter\View\View->render('Rekenapplicatie', [], true)
 5 APPPATH\Controllers\RekenController.php(87): view('Rekenapplicatie', [...])
 6 SYSTEMPATH\CodeIgniter.php(932): App\Controllers\RekenController->beantwoordSommen('0')
 7 SYSTEMPATH\CodeIgniter.php(497): CodeIgniter\CodeIgniter->runController(Object(App\Controllers\RekenController))
 8 SYSTEMPATH\CodeIgniter.php(366): CodeIgniter\CodeIgniter->handleRequest(null, Object(Config\Cache), false)
 9 FCPATH\index.php(67): CodeIgniter\CodeIgniter->run()
10 SYSTEMPATH\Commands\Server\rewrite.php(47): require_once('C:\\xampp\\htdocs\\rekenapp\\public\\index.php')
INFO - 2023-06-28 00:01:16 --> Session: Class initialized using 'CodeIgniter\Session\Handlers\FileHandler' driver.
CRITICAL - 2023-06-28 00:01:16 --> Undefined index: operator
in APPPATH\Views\rekenapplicatie.php on line 34.
 1 APPPATH\Views\rekenapplicatie.php(34): CodeIgniter\Debug\Exceptions->errorHandler(8, 'Undefined index: operator', 'C:\\xampp\\htdocs\\rekenapp\\app\\Views\\rekenapplicatie.php', 34, [...])
 2 SYSTEMPATH\View\View.php(224): include('C:\\xampp\\htdocs\\rekenapp\\app\\Views\\rekenapplicatie.php')
 3 SYSTEMPATH\View\View.php(227): CodeIgniter\View\View->CodeIgniter\View\{closure}()
 4 SYSTEMPATH\Common.php(1180): CodeIgniter\View\View->render('Rekenapplicatie', [], true)
 5 APPPATH\Controllers\RekenController.php(87): view('Rekenapplicatie', [...])
 6 SYSTEMPATH\CodeIgniter.php(932): App\Controllers\RekenController->beantwoordSommen('0')
 7 SYSTEMPATH\CodeIgniter.php(497): CodeIgniter\CodeIgniter->runController(Object(App\Controllers\RekenController))
 8 SYSTEMPATH\CodeIgniter.php(366): CodeIgniter\CodeIgniter->handleRequest(null, Object(Config\Cache), false)
 9 FCPATH\index.php(67): CodeIgniter\CodeIgniter->run()
10 SYSTEMPATH\Commands\Server\rewrite.php(47): require_once('C:\\xampp\\htdocs\\rekenapp\\public\\index.php')
INFO - 2023-06-28 00:01:16 --> Session: Class initialized using 'CodeIgniter\Session\Handlers\FileHandler' driver.
CRITICAL - 2023-06-28 00:01:16 --> Undefined index: operator
in APPPATH\Views\rekenapplicatie.php on line 34.
 1 APPPATH\Views\rekenapplicatie.php(34): CodeIgniter\Debug\Exceptions->errorHandler(8, 'Undefined index: operator', 'C:\\xampp\\htdocs\\rekenapp\\app\\Views\\rekenapplicatie.php', 34, [...])
 2 SYSTEMPATH\View\View.php(224): include('C:\\xampp\\htdocs\\rekenapp\\app\\Views\\rekenapplicatie.php')
 3 SYSTEMPATH\View\View.php(227): CodeIgniter\View\View->CodeIgniter\View\{closure}()
 4 SYSTEMPATH\Common.php(1180): CodeIgniter\View\View->render('Rekenapplicatie', [], true)
 5 APPPATH\Controllers\RekenController.php(87): view('Rekenapplicatie', [...])
 6 SYSTEMPATH\CodeIgniter.php(932): App\Controllers\RekenController->beantwoordSommen('0')
 7 SYSTEMPATH\CodeIgniter.php(497): CodeIgniter\CodeIgniter->runController(Object(App\Controllers\RekenController))
 8 SYSTEMPATH\CodeIgniter.php(366): CodeIgniter\CodeIgniter->handleRequest(null, Object(Config\Cache), false)
 9 FCPATH\index.php(67): CodeIgniter\CodeIgniter->run()
10 SYSTEMPATH\Commands\Server\rewrite.php(47): require_once('C:\\xampp\\htdocs\\rekenapp\\public\\index.php')
INFO - 2023-06-28 00:02:07 --> Session: Class initialized using 'CodeIgniter\Session\Handlers\FileHandler' driver.
CRITICAL - 2023-06-28 00:02:07 --> Undefined index: operator
in APPPATH\Views\rekenapplicatie.php on line 34.
 1 APPPATH\Views\rekenapplicatie.php(34): CodeIgniter\Debug\Exceptions->errorHandler(8, 'Undefined index: operator', 'C:\\xampp\\htdocs\\rekenapp\\app\\Views\\rekenapplicatie.php', 34, [...])
 2 SYSTEMPATH\View\View.php(224): include('C:\\xampp\\htdocs\\rekenapp\\app\\Views\\rekenapplicatie.php')
 3 SYSTEMPATH\View\View.php(227): CodeIgniter\View\View->CodeIgniter\View\{closure}()
 4 SYSTEMPATH\Common.php(1180): CodeIgniter\View\View->render('Rekenapplicatie', [], true)
 5 APPPATH\Controllers\RekenController.php(87): view('Rekenapplicatie', [...])
 6 SYSTEMPATH\CodeIgniter.php(932): App\Controllers\RekenController->beantwoordSommen('0')
 7 SYSTEMPATH\CodeIgniter.php(497): CodeIgniter\CodeIgniter->runController(Object(App\Controllers\RekenController))
 8 SYSTEMPATH\CodeIgniter.php(366): CodeIgniter\CodeIgniter->handleRequest(null, Object(Config\Cache), false)
 9 FCPATH\index.php(67): CodeIgniter\CodeIgniter->run()
10 SYSTEMPATH\Commands\Server\rewrite.php(47): require_once('C:\\xampp\\htdocs\\rekenapp\\public\\index.php')
INFO - 2023-06-28 00:02:08 --> Session: Class initialized using 'CodeIgniter\Session\Handlers\FileHandler' driver.
CRITICAL - 2023-06-28 00:02:08 --> Undefined index: operator
in APPPATH\Views\rekenapplicatie.php on line 34.
 1 APPPATH\Views\rekenapplicatie.php(34): CodeIgniter\Debug\Exceptions->errorHandler(8, 'Undefined index: operator', 'C:\\xampp\\htdocs\\rekenapp\\app\\Views\\rekenapplicatie.php', 34, [...])
 2 SYSTEMPATH\View\View.php(224): include('C:\\xampp\\htdocs\\rekenapp\\app\\Views\\rekenapplicatie.php')
 3 SYSTEMPATH\View\View.php(227): CodeIgniter\View\View->CodeIgniter\View\{closure}()
 4 SYSTEMPATH\Common.php(1180): CodeIgniter\View\View->render('Rekenapplicatie', [], true)
 5 APPPATH\Controllers\RekenController.php(87): view('Rekenapplicatie', [...])
 6 SYSTEMPATH\CodeIgniter.php(932): App\Controllers\RekenController->beantwoordSommen('0')
 7 SYSTEMPATH\CodeIgniter.php(497): CodeIgniter\CodeIgniter->runController(Object(App\Controllers\RekenController))
 8 SYSTEMPATH\CodeIgniter.php(366): CodeIgniter\CodeIgniter->handleRequest(null, Object(Config\Cache), false)
 9 FCPATH\index.php(67): CodeIgniter\CodeIgniter->run()
10 SYSTEMPATH\Commands\Server\rewrite.php(47): require_once('C:\\xampp\\htdocs\\rekenapp\\public\\index.php')
INFO - 2023-06-28 00:02:08 --> Session: Class initialized using 'CodeIgniter\Session\Handlers\FileHandler' driver.
CRITICAL - 2023-06-28 00:02:08 --> Undefined index: operator
in APPPATH\Views\rekenapplicatie.php on line 34.
 1 APPPATH\Views\rekenapplicatie.php(34): CodeIgniter\Debug\Exceptions->errorHandler(8, 'Undefined index: operator', 'C:\\xampp\\htdocs\\rekenapp\\app\\Views\\rekenapplicatie.php', 34, [...])
 2 SYSTEMPATH\View\View.php(224): include('C:\\xampp\\htdocs\\rekenapp\\app\\Views\\rekenapplicatie.php')
 3 SYSTEMPATH\View\View.php(227): CodeIgniter\View\View->CodeIgniter\View\{closure}()
 4 SYSTEMPATH\Common.php(1180): CodeIgniter\View\View->render('Rekenapplicatie', [], true)
 5 APPPATH\Controllers\RekenController.php(87): view('Rekenapplicatie', [...])
 6 SYSTEMPATH\CodeIgniter.php(932): App\Controllers\RekenController->beantwoordSommen('0')
 7 SYSTEMPATH\CodeIgniter.php(497): CodeIgniter\CodeIgniter->runController(Object(App\Controllers\RekenController))
 8 SYSTEMPATH\CodeIgniter.php(366): CodeIgniter\CodeIgniter->handleRequest(null, Object(Config\Cache), false)
 9 FCPATH\index.php(67): CodeIgniter\CodeIgniter->run()
10 SYSTEMPATH\Commands\Server\rewrite.php(47): require_once('C:\\xampp\\htdocs\\rekenapp\\public\\index.php')
INFO - 2023-06-28 00:02:08 --> Session: Class initialized using 'CodeIgniter\Session\Handlers\FileHandler' driver.
CRITICAL - 2023-06-28 00:02:08 --> Undefined index: operator
in APPPATH\Views\rekenapplicatie.php on line 34.
 1 APPPATH\Views\rekenapplicatie.php(34): CodeIgniter\Debug\Exceptions->errorHandler(8, 'Undefined index: operator', 'C:\\xampp\\htdocs\\rekenapp\\app\\Views\\rekenapplicatie.php', 34, [...])
 2 SYSTEMPATH\View\View.php(224): include('C:\\xampp\\htdocs\\rekenapp\\app\\Views\\rekenapplicatie.php')
 3 SYSTEMPATH\View\View.php(227): CodeIgniter\View\View->CodeIgniter\View\{closure}()
 4 SYSTEMPATH\Common.php(1180): CodeIgniter\View\View->render('Rekenapplicatie', [], true)
 5 APPPATH\Controllers\RekenController.php(87): view('Rekenapplicatie', [...])
 6 SYSTEMPATH\CodeIgniter.php(932): App\Controllers\RekenController->beantwoordSommen('0')
 7 SYSTEMPATH\CodeIgniter.php(497): CodeIgniter\CodeIgniter->runController(Object(App\Controllers\RekenController))
 8 SYSTEMPATH\CodeIgniter.php(366): CodeIgniter\CodeIgniter->handleRequest(null, Object(Config\Cache), false)
 9 FCPATH\index.php(67): CodeIgniter\CodeIgniter->run()
10 SYSTEMPATH\Commands\Server\rewrite.php(47): require_once('C:\\xampp\\htdocs\\rekenapp\\public\\index.php')
INFO - 2023-06-28 00:02:08 --> Session: Class initialized using 'CodeIgniter\Session\Handlers\FileHandler' driver.
CRITICAL - 2023-06-28 00:02:08 --> Undefined index: operator
in APPPATH\Views\rekenapplicatie.php on line 34.
 1 APPPATH\Views\rekenapplicatie.php(34): CodeIgniter\Debug\Exceptions->errorHandler(8, 'Undefined index: operator', 'C:\\xampp\\htdocs\\rekenapp\\app\\Views\\rekenapplicatie.php', 34, [...])
 2 SYSTEMPATH\View\View.php(224): include('C:\\xampp\\htdocs\\rekenapp\\app\\Views\\rekenapplicatie.php')
 3 SYSTEMPATH\View\View.php(227): CodeIgniter\View\View->CodeIgniter\View\{closure}()
 4 SYSTEMPATH\Common.php(1180): CodeIgniter\View\View->render('Rekenapplicatie', [], true)
 5 APPPATH\Controllers\RekenController.php(87): view('Rekenapplicatie', [...])
 6 SYSTEMPATH\CodeIgniter.php(932): App\Controllers\RekenController->beantwoordSommen('0')
 7 SYSTEMPATH\CodeIgniter.php(497): CodeIgniter\CodeIgniter->runController(Object(App\Controllers\RekenController))
 8 SYSTEMPATH\CodeIgniter.php(366): CodeIgniter\CodeIgniter->handleRequest(null, Object(Config\Cache), false)
 9 FCPATH\index.php(67): CodeIgniter\CodeIgniter->run()
10 SYSTEMPATH\Commands\Server\rewrite.php(47): require_once('C:\\xampp\\htdocs\\rekenapp\\public\\index.php')
